<?xml version="1.0" encoding="UTF-8" ?>
<testsuite errors="1" failures="0" hostname="johnny-Ubuntu" name="com.shoudaw.pqs14_5.DrawingModelTest" tests="1" time="0.0" timestamp="2014-05-16T20:02:02">
  <properties>
[...]
</properties>
  <error message="com.shoudaw.pqs14_5.DrawingModelTest" type="java.lang.ClassNotFoundException">java.lang.ClassNotFoundException: com.shoudaw.pqs14_5.DrawingModelTest
	at java.net.URLClassLoader$1.run(URLClassLoader.java:366)
	at java.net.URLClassLoader$1.run(URLClassLoader.java:355)
	at java.security.AccessController.doPrivileged(Native Method)
	at java.net.URLClassLoader.findClass(URLClassLoader.java:354)
	at java.lang.ClassLoader.loadClass(ClassLoader.java:423)
	at sun.misc.Launcher$AppClassLoader.loadClass(Launcher.java:308)
	at java.lang.ClassLoader.loadClass(ClassLoader.java:356)
	at java.lang.Class.forName0(Native Method)
	at java.lang.Class.forName(Class.java:188)
</error>
  <system-out><![CDATA[]]></system-out>
  <system-err><![CDATA[]]></system-err>
</testsuite>
